[debug] [2025-10-25T04:42:32.403Z] ----------------------------------------------------------------------
[debug] [2025-10-25T04:42:32.404Z] Command:       C:\Program Files\nodejs\node.exe C:\Users\renat\AppData\Local\npm-cache\_npx\ba4f1959e38407b5\node_modules\firebase-tools\lib\bin\firebase.js init dataconnect --project quero-plantao-793ef
[debug] [2025-10-25T04:42:32.405Z] CLI Version:   14.22.0
[debug] [2025-10-25T04:42:32.405Z] Platform:      win32
[debug] [2025-10-25T04:42:32.405Z] Node Version:  v22.21.0
[debug] [2025-10-25T04:42:32.405Z] Time:          Sat Oct 25 2025 01:42:32 GMT-0300 (Horário Padrão de Brasília)
[debug] [2025-10-25T04:42:32.405Z] ----------------------------------------------------------------------
[debug] 
[info] 
     ######## #### ########  ######## ########     ###     ######  ########
     ##        ##  ##     ## ##       ##     ##  ##   ##  ##       ##
     ######    ##  ########  ######   ########  #########  ######  ######
     ##        ##  ##    ##  ##       ##     ## ##     ##       ## ##
     ##       #### ##     ## ######## ########  ##     ##  ######  ########

You're about to initialize a Firebase project in this directory:

  C:\Users\renat\OneDrive\Documentos\GitHub\Nitro\quero_plantao

[info] 
=== Project Setup
[info] 
[info] First, let's associate this project directory with a Firebase project.
[info] You can create multiple project aliases by running firebase use --add, 
[info] 
[debug] [2025-10-25T04:42:35.748Z] > command requires scopes: ["email","openid","https://www.googleapis.com/auth/cloudplatformprojects.readonly","https://www.googleapis.com/auth/firebase","https://www.googleapis.com/auth/cloud-platform"]
[debug] [2025-10-25T04:42:35.748Z] > authorizing via signed-in user (renatomazzarinocorp@gmail.com)
[debug] [2025-10-25T04:42:35.749Z] Checked if tokens are valid: true, expires at: 1761370935902
[debug] [2025-10-25T04:42:35.749Z] Checked if tokens are valid: true, expires at: 1761370935902
[debug] [2025-10-25T04:42:35.751Z] >>> [apiv2][query] GET https://firebase.googleapis.com/v1beta1/projects/quero-plantao-793ef [none]
[debug] [2025-10-25T04:42:36.273Z] <<< [apiv2][status] GET https://firebase.googleapis.com/v1beta1/projects/quero-plantao-793ef 200
[debug] [2025-10-25T04:42:36.273Z] <<< [apiv2][body] GET https://firebase.googleapis.com/v1beta1/projects/quero-plantao-793ef {"projectId":"quero-plantao-793ef","projectNumber":"586732735949","displayName":"quero-plantao","name":"projects/quero-plantao-793ef","resources":{"hostingSite":"quero-plantao-793ef"},"state":"ACTIVE","etag":"1_87d0545d-9c45-450c-bb55-06a941b2a62f"}
[info] i  Using project quero-plantao-793ef (quero-plantao) . 
[info] 
=== Dataconnect Setup
[debug] [2025-10-25T04:42:36.280Z] Checked if tokens are valid: true, expires at: 1761370935902
[debug] [2025-10-25T04:42:36.280Z] Checked if tokens are valid: true, expires at: 1761370935902
[debug] [2025-10-25T04:42:36.280Z] >>> [apiv2][query] GET https://cloudbilling.googleapis.com/v1/projects/quero-plantao-793ef/billingInfo [none]
[debug] [2025-10-25T04:42:36.727Z] <<< [apiv2][status] GET https://cloudbilling.googleapis.com/v1/projects/quero-plantao-793ef/billingInfo 200
[debug] [2025-10-25T04:42:36.727Z] <<< [apiv2][body] GET https://cloudbilling.googleapis.com/v1/projects/quero-plantao-793ef/billingInfo {"name":"projects/quero-plantao-793ef/billingInfo","projectId":"quero-plantao-793ef","billingAccountName":"billingAccounts/016967-2B2D23-F1CCC3","billingEnabled":true}
[info] i  dataconnect: ensuring required API firebasedataconnect.googleapis.com is enabled... 
[debug] [2025-10-25T04:42:36.728Z] Checked if tokens are valid: true, expires at: 1761370935902
[debug] [2025-10-25T04:42:36.728Z] Checked if tokens are valid: true, expires at: 1761370935902
[info] i  dataconnect: ensuring required API sqladmin.googleapis.com is enabled... 
[debug] [2025-10-25T04:42:36.729Z] Checked if tokens are valid: true, expires at: 1761370935902
[debug] [2025-10-25T04:42:36.729Z] Checked if tokens are valid: true, expires at: 1761370935902
[debug] [2025-10-25T04:42:36.729Z] >>> [apiv2][query] GET https://serviceusage.googleapis.com/v1/projects/quero-plantao-793ef/services/firebasedataconnect.googleapis.com [none]
[debug] [2025-10-25T04:42:36.729Z] >>> [apiv2][(partial)header] GET https://serviceusage.googleapis.com/v1/projects/quero-plantao-793ef/services/firebasedataconnect.googleapis.com x-goog-quota-user=projects/quero-plantao-793ef
[debug] [2025-10-25T04:42:36.730Z] >>> [apiv2][query] GET https://serviceusage.googleapis.com/v1/projects/quero-plantao-793ef/services/sqladmin.googleapis.com [none]
[debug] [2025-10-25T04:42:36.730Z] >>> [apiv2][(partial)header] GET https://serviceusage.googleapis.com/v1/projects/quero-plantao-793ef/services/sqladmin.googleapis.com x-goog-quota-user=projects/quero-plantao-793ef
[debug] [2025-10-25T04:42:37.882Z] <<< [apiv2][status] GET https://serviceusage.googleapis.com/v1/projects/quero-plantao-793ef/services/sqladmin.googleapis.com 200
[debug] [2025-10-25T04:42:37.882Z] <<< [apiv2][body] GET https://serviceusage.googleapis.com/v1/projects/quero-plantao-793ef/services/sqladmin.googleapis.com [omitted]
[warn] !  dataconnect: missing required API sqladmin.googleapis.com. Enabling now... 
[debug] [2025-10-25T04:42:37.883Z] Checked if tokens are valid: true, expires at: 1761370935902
[debug] [2025-10-25T04:42:37.883Z] Checked if tokens are valid: true, expires at: 1761370935902
[debug] [2025-10-25T04:42:37.883Z] >>> [apiv2][query] POST https://serviceusage.googleapis.com/v1/projects/quero-plantao-793ef/services/sqladmin.googleapis.com:enable [none]
[debug] [2025-10-25T04:42:37.883Z] >>> [apiv2][(partial)header] POST https://serviceusage.googleapis.com/v1/projects/quero-plantao-793ef/services/sqladmin.googleapis.com:enable x-goog-quota-user=projects/quero-plantao-793ef
[debug] [2025-10-25T04:42:37.886Z] <<< [apiv2][status] GET https://serviceusage.googleapis.com/v1/projects/quero-plantao-793ef/services/firebasedataconnect.googleapis.com 200
[debug] [2025-10-25T04:42:37.886Z] <<< [apiv2][body] GET https://serviceusage.googleapis.com/v1/projects/quero-plantao-793ef/services/firebasedataconnect.googleapis.com [omitted]
[warn] !  dataconnect: missing required API firebasedataconnect.googleapis.com. Enabling now... 
[debug] [2025-10-25T04:42:37.886Z] Checked if tokens are valid: true, expires at: 1761370935902
[debug] [2025-10-25T04:42:37.886Z] Checked if tokens are valid: true, expires at: 1761370935902
[debug] [2025-10-25T04:42:37.886Z] >>> [apiv2][query] POST https://serviceusage.googleapis.com/v1/projects/quero-plantao-793ef/services/firebasedataconnect.googleapis.com:enable [none]
[debug] [2025-10-25T04:42:37.886Z] >>> [apiv2][(partial)header] POST https://serviceusage.googleapis.com/v1/projects/quero-plantao-793ef/services/firebasedataconnect.googleapis.com:enable x-goog-quota-user=projects/quero-plantao-793ef
[debug] [2025-10-25T04:42:38.723Z] <<< [apiv2][status] POST https://serviceusage.googleapis.com/v1/projects/quero-plantao-793ef/services/sqladmin.googleapis.com:enable 200
[debug] [2025-10-25T04:42:38.723Z] <<< [apiv2][body] POST https://serviceusage.googleapis.com/v1/projects/quero-plantao-793ef/services/sqladmin.googleapis.com:enable [omitted]
[debug] [2025-10-25T04:42:39.631Z] <<< [apiv2][status] POST https://serviceusage.googleapis.com/v1/projects/quero-plantao-793ef/services/firebasedataconnect.googleapis.com:enable 200
[debug] [2025-10-25T04:42:39.631Z] <<< [apiv2][body] POST https://serviceusage.googleapis.com/v1/projects/quero-plantao-793ef/services/firebasedataconnect.googleapis.com:enable [omitted]
[debug] [2025-10-25T04:42:49.648Z] Checked if tokens are valid: true, expires at: 1761370935902
[debug] [2025-10-25T04:42:49.648Z] Checked if tokens are valid: true, expires at: 1761370935902
[debug] [2025-10-25T04:42:49.648Z] >>> [apiv2][query] GET https://firebasedataconnect.googleapis.com/v1/projects/quero-plantao-793ef/locations/-/services [none]
[debug] [2025-10-25T04:42:50.997Z] <<< [apiv2][status] GET https://firebasedataconnect.googleapis.com/v1/projects/quero-plantao-793ef/locations/-/services 200
[debug] [2025-10-25T04:42:50.997Z] <<< [apiv2][body] GET https://firebasedataconnect.googleapis.com/v1/projects/quero-plantao-793ef/locations/-/services {}
[info] i  : ensuring required API cloudaicompanion.googleapis.com is enabled... 
[debug] [2025-10-25T04:43:06.144Z] Checked if tokens are valid: true, expires at: 1761370935902
[debug] [2025-10-25T04:43:06.144Z] Checked if tokens are valid: true, expires at: 1761370935902
[debug] [2025-10-25T04:43:06.144Z] >>> [apiv2][query] GET https://serviceusage.googleapis.com/v1/projects/quero-plantao-793ef/services/cloudaicompanion.googleapis.com [none]
[debug] [2025-10-25T04:43:06.144Z] >>> [apiv2][(partial)header] GET https://serviceusage.googleapis.com/v1/projects/quero-plantao-793ef/services/cloudaicompanion.googleapis.com x-goog-quota-user=projects/quero-plantao-793ef
[debug] [2025-10-25T04:43:07.212Z] <<< [apiv2][status] GET https://serviceusage.googleapis.com/v1/projects/quero-plantao-793ef/services/cloudaicompanion.googleapis.com 200
[debug] [2025-10-25T04:43:07.212Z] <<< [apiv2][body] GET https://serviceusage.googleapis.com/v1/projects/quero-plantao-793ef/services/cloudaicompanion.googleapis.com [omitted]
[info] +  : required API cloudaicompanion.googleapis.com is enabled 
[debug] [2025-10-25T04:44:18.379Z] Checked if tokens are valid: true, expires at: 1761370935902
[debug] [2025-10-25T04:44:18.379Z] Checked if tokens are valid: true, expires at: 1761370935902
[debug] [2025-10-25T04:44:18.379Z] >>> [apiv2][query] GET https://sqladmin.googleapis.com/v1/projects/quero-plantao-793ef/instances [none]
[debug] [2025-10-25T04:44:19.081Z] <<< [apiv2][status] GET https://sqladmin.googleapis.com/v1/projects/quero-plantao-793ef/instances 200
[debug] [2025-10-25T04:44:19.081Z] <<< [apiv2][body] GET https://sqladmin.googleapis.com/v1/projects/quero-plantao-793ef/instances {}
[debug] [2025-10-25T04:44:19.081Z] Checked if tokens are valid: true, expires at: 1761370935902
[debug] [2025-10-25T04:44:19.082Z] Checked if tokens are valid: true, expires at: 1761370935902
[debug] [2025-10-25T04:44:19.082Z] >>> [apiv2][query] GET https://firebasedataconnect.googleapis.com/v1/projects/quero-plantao-793ef/locations [none]
[debug] [2025-10-25T04:44:20.106Z] <<< [apiv2][status] GET https://firebasedataconnect.googleapis.com/v1/projects/quero-plantao-793ef/locations 200
[debug] [2025-10-25T04:44:20.106Z] <<< [apiv2][body] GET https://firebasedataconnect.googleapis.com/v1/projects/quero-plantao-793ef/locations {"locations":[{"name":"projects/quero-plantao-793ef/locations/asia-east1","locationId":"asia-east1","displayName":"Taiwan"},{"name":"projects/quero-plantao-793ef/locations/asia-east2","locationId":"asia-east2","displayName":"Hong Kong"},{"name":"projects/quero-plantao-793ef/locations/asia-northeast1","locationId":"asia-northeast1","displayName":"Tokyo"},{"name":"projects/quero-plantao-793ef/locations/asia-northeast2","locationId":"asia-northeast2","displayName":"Osaka"},{"name":"projects/quero-plantao-793ef/locations/asia-northeast3","locationId":"asia-northeast3","displayName":"Seoul"},{"name":"projects/quero-plantao-793ef/locations/asia-south1","locationId":"asia-south1","displayName":"Mumbai"},{"name":"projects/quero-plantao-793ef/locations/asia-southeast1","locationId":"asia-southeast1","displayName":"Singapore"},{"name":"projects/quero-plantao-793ef/locations/asia-southeast2","locationId":"asia-southeast2","displayName":"Jakarta"},{"name":"projects/quero-plantao-793ef/locations/australia-southeast1","locationId":"australia-southeast1","displayName":"Sydney"},{"name":"projects/quero-plantao-793ef/locations/australia-southeast2","locationId":"australia-southeast2","displayName":"Melbourne"},{"name":"projects/quero-plantao-793ef/locations/europe-central2","locationId":"europe-central2","displayName":"Warsaw"},{"name":"projects/quero-plantao-793ef/locations/europe-north1","locationId":"europe-north1","displayName":"Finland"},{"name":"projects/quero-plantao-793ef/locations/europe-southwest1","locationId":"europe-southwest1","displayName":"Madrid"},{"name":"projects/quero-plantao-793ef/locations/europe-west1","locationId":"europe-west1","displayName":"Belgium"},{"name":"projects/quero-plantao-793ef/locations/europe-west2","locationId":"europe-west2","displayName":"London"},{"name":"projects/quero-plantao-793ef/locations/europe-west3","locationId":"europe-west3","displayName":"Frankfurt"},{"name":"projects/quero-plantao-793ef/locations/europe-west4","locationId":"europe-west4","displayName":"Netherlands"},{"name":"projects/quero-plantao-793ef/locations/europe-west6","locationId":"europe-west6","displayName":"Zurich"},{"name":"projects/quero-plantao-793ef/locations/europe-west8","locationId":"europe-west8","displayName":"Milan"},{"name":"projects/quero-plantao-793ef/locations/europe-west9","locationId":"europe-west9","displayName":"Paris"},{"name":"projects/quero-plantao-793ef/locations/me-west1","locationId":"me-west1","displayName":"Tel Aviv"},{"name":"projects/quero-plantao-793ef/locations/northamerica-northeast1","locationId":"northamerica-northeast1","displayName":"Montréal"},{"name":"projects/quero-plantao-793ef/locations/northamerica-northeast2","locationId":"northamerica-northeast2","displayName":"Toronto"},{"name":"projects/quero-plantao-793ef/locations/southamerica-east1","locationId":"southamerica-east1","displayName":"São Paulo"},{"name":"projects/quero-plantao-793ef/locations/southamerica-west1","locationId":"southamerica-west1","displayName":"Santiago"},{"name":"projects/quero-plantao-793ef/locations/us-central1","locationId":"us-central1","displayName":"Iowa"},{"name":"projects/quero-plantao-793ef/locations/us-east1","locationId":"us-east1","displayName":"South Carolina"},{"name":"projects/quero-plantao-793ef/locations/us-east4","locationId":"us-east4","displayName":"Northern Virginia"},{"name":"projects/quero-plantao-793ef/locations/us-south1","locationId":"us-south1","displayName":"Dallas"},{"name":"projects/quero-plantao-793ef/locations/us-west1","locationId":"us-west1","displayName":"Oregon"},{"name":"projects/quero-plantao-793ef/locations/us-west2","locationId":"us-west2","displayName":"Los Angeles"},{"name":"projects/quero-plantao-793ef/locations/us-west3","locationId":"us-west3","displayName":"Salt Lake City"},{"name":"projects/quero-plantao-793ef/locations/us-west4","locationId":"us-west4","displayName":"Las Vegas"}]}
[debug] [2025-10-25T04:48:12.499Z] ----------------------------------------------------------------------
[debug] [2025-10-25T04:48:12.501Z] Command:       C:\Program Files\nodejs\node.exe C:\Users\renat\AppData\Local\npm-cache\_npx\ba4f1959e38407b5\node_modules\firebase-tools\lib\bin\firebase.js init dataconnect --project quero-plantao-793ef
[debug] [2025-10-25T04:48:12.501Z] CLI Version:   14.22.0
[debug] [2025-10-25T04:48:12.501Z] Platform:      win32
[debug] [2025-10-25T04:48:12.501Z] Node Version:  v22.21.0
[debug] [2025-10-25T04:48:12.502Z] Time:          Sat Oct 25 2025 01:48:12 GMT-0300 (Horário Padrão de Brasília)
[debug] [2025-10-25T04:48:12.502Z] ----------------------------------------------------------------------
[debug] 
[info] 
     ######## #### ########  ######## ########     ###     ######  ########
     ##        ##  ##     ## ##       ##     ##  ##   ##  ##       ##
     ######    ##  ########  ######   ########  #########  ######  ######
     ##        ##  ##    ##  ##       ##     ## ##     ##       ## ##
     ##       #### ##     ## ######## ########  ##     ##  ######  ########

You're about to initialize a Firebase project in this directory:

  C:\Users\renat\OneDrive\Documentos\GitHub\Nitro\quero_plantao

[info] 
=== Project Setup
[info] 
[info] First, let's associate this project directory with a Firebase project.
[info] You can create multiple project aliases by running firebase use --add, 
[info] 
[debug] [2025-10-25T04:48:18.432Z] > command requires scopes: ["email","openid","https://www.googleapis.com/auth/cloudplatformprojects.readonly","https://www.googleapis.com/auth/firebase","https://www.googleapis.com/auth/cloud-platform"]
[debug] [2025-10-25T04:48:18.432Z] > authorizing via signed-in user (renatomazzarinocorp@gmail.com)
[debug] [2025-10-25T04:48:18.433Z] Checked if tokens are valid: true, expires at: 1761370935902
[debug] [2025-10-25T04:48:18.433Z] Checked if tokens are valid: true, expires at: 1761370935902
[debug] [2025-10-25T04:48:18.434Z] >>> [apiv2][query] GET https://firebase.googleapis.com/v1beta1/projects/quero-plantao-793ef [none]
[debug] [2025-10-25T04:48:18.902Z] <<< [apiv2][status] GET https://firebase.googleapis.com/v1beta1/projects/quero-plantao-793ef 200
[debug] [2025-10-25T04:48:18.903Z] <<< [apiv2][body] GET https://firebase.googleapis.com/v1beta1/projects/quero-plantao-793ef {"projectId":"quero-plantao-793ef","projectNumber":"586732735949","displayName":"quero-plantao","name":"projects/quero-plantao-793ef","resources":{"hostingSite":"quero-plantao-793ef"},"state":"ACTIVE","etag":"1_87d0545d-9c45-450c-bb55-06a941b2a62f"}
[info] i  Using project quero-plantao-793ef (quero-plantao) . 
[info] 
=== Dataconnect Setup
[debug] [2025-10-25T04:48:18.907Z] Checked if tokens are valid: true, expires at: 1761370935902
[debug] [2025-10-25T04:48:18.907Z] Checked if tokens are valid: true, expires at: 1761370935902
[debug] [2025-10-25T04:48:18.907Z] >>> [apiv2][query] GET https://cloudbilling.googleapis.com/v1/projects/quero-plantao-793ef/billingInfo [none]
[debug] [2025-10-25T04:48:20.132Z] <<< [apiv2][status] GET https://cloudbilling.googleapis.com/v1/projects/quero-plantao-793ef/billingInfo 200
[debug] [2025-10-25T04:48:20.132Z] <<< [apiv2][body] GET https://cloudbilling.googleapis.com/v1/projects/quero-plantao-793ef/billingInfo {"name":"projects/quero-plantao-793ef/billingInfo","projectId":"quero-plantao-793ef","billingAccountName":"billingAccounts/016967-2B2D23-F1CCC3","billingEnabled":true}
[info] i  dataconnect: ensuring required API firebasedataconnect.googleapis.com is enabled... 
[info] i  dataconnect: ensuring required API sqladmin.googleapis.com is enabled... 
[debug] [2025-10-25T04:48:20.134Z] Checked if tokens are valid: true, expires at: 1761370935902
[debug] [2025-10-25T04:48:20.134Z] Checked if tokens are valid: true, expires at: 1761370935902
[debug] [2025-10-25T04:48:20.134Z] >>> [apiv2][query] GET https://firebasedataconnect.googleapis.com/v1/projects/quero-plantao-793ef/locations/-/services [none]
[debug] [2025-10-25T04:48:21.479Z] <<< [apiv2][status] GET https://firebasedataconnect.googleapis.com/v1/projects/quero-plantao-793ef/locations/-/services 200
[debug] [2025-10-25T04:48:21.479Z] <<< [apiv2][body] GET https://firebasedataconnect.googleapis.com/v1/projects/quero-plantao-793ef/locations/-/services {}
[info] i  : ensuring required API cloudaicompanion.googleapis.com is enabled... 
[debug] [2025-10-25T04:50:39.638Z] ----------------------------------------------------------------------
[debug] [2025-10-25T04:50:39.640Z] Command:       C:\Program Files\nodejs\node.exe C:\Users\renat\AppData\Local\npm-cache\_npx\ba4f1959e38407b5\node_modules\firebase-tools\lib\bin\firebase.js init dataconnect --project quero-plantao-793ef
[debug] [2025-10-25T04:50:39.640Z] CLI Version:   14.22.0
[debug] [2025-10-25T04:50:39.640Z] Platform:      win32
[debug] [2025-10-25T04:50:39.641Z] Node Version:  v22.21.0
[debug] [2025-10-25T04:50:39.641Z] Time:          Sat Oct 25 2025 01:50:39 GMT-0300 (Horário Padrão de Brasília)
[debug] [2025-10-25T04:50:39.641Z] ----------------------------------------------------------------------
[debug] 
[info] 
     ######## #### ########  ######## ########     ###     ######  ########
     ##        ##  ##     ## ##       ##     ##  ##   ##  ##       ##
     ######    ##  ########  ######   ########  #########  ######  ######
     ##        ##  ##    ##  ##       ##     ## ##     ##       ## ##
     ##       #### ##     ## ######## ########  ##     ##  ######  ########

You're about to initialize a Firebase project in this directory:

  C:\Users\renat\OneDrive\Documentos\GitHub\Nitro\quero_plantao

[info] 
=== Project Setup
[info] 
[info] First, let's associate this project directory with a Firebase project.
[info] You can create multiple project aliases by running firebase use --add, 
[info] 
[debug] [2025-10-25T04:58:46.606Z] > command requires scopes: ["email","openid","https://www.googleapis.com/auth/cloudplatformprojects.readonly","https://www.googleapis.com/auth/firebase","https://www.googleapis.com/auth/cloud-platform"]
[debug] [2025-10-25T04:58:46.607Z] > authorizing via signed-in user (renatomazzarinocorp@gmail.com)
[debug] [2025-10-25T04:58:46.608Z] Checked if tokens are valid: true, expires at: 1761370935902
[debug] [2025-10-25T04:58:46.609Z] Checked if tokens are valid: true, expires at: 1761370935902
[debug] [2025-10-25T04:58:46.609Z] >>> [apiv2][query] GET https://firebase.googleapis.com/v1beta1/projects/quero-plantao-793ef [none]
[debug] [2025-10-25T04:58:47.353Z] <<< [apiv2][status] GET https://firebase.googleapis.com/v1beta1/projects/quero-plantao-793ef 200
[debug] [2025-10-25T04:58:47.353Z] <<< [apiv2][body] GET https://firebase.googleapis.com/v1beta1/projects/quero-plantao-793ef {"projectId":"quero-plantao-793ef","projectNumber":"586732735949","displayName":"quero-plantao","name":"projects/quero-plantao-793ef","resources":{"hostingSite":"quero-plantao-793ef"},"state":"ACTIVE","etag":"1_87d0545d-9c45-450c-bb55-06a941b2a62f"}
[info] i  Using project quero-plantao-793ef (quero-plantao) . 
[info] 
=== Dataconnect Setup
[debug] [2025-10-25T04:58:47.358Z] Checked if tokens are valid: true, expires at: 1761370935902
[debug] [2025-10-25T04:58:47.358Z] Checked if tokens are valid: true, expires at: 1761370935902
[debug] [2025-10-25T04:58:47.359Z] >>> [apiv2][query] GET https://cloudbilling.googleapis.com/v1/projects/quero-plantao-793ef/billingInfo [none]
[debug] [2025-10-25T04:58:48.584Z] <<< [apiv2][status] GET https://cloudbilling.googleapis.com/v1/projects/quero-plantao-793ef/billingInfo 200
[debug] [2025-10-25T04:58:48.584Z] <<< [apiv2][body] GET https://cloudbilling.googleapis.com/v1/projects/quero-plantao-793ef/billingInfo {"name":"projects/quero-plantao-793ef/billingInfo","projectId":"quero-plantao-793ef","billingAccountName":"billingAccounts/016967-2B2D23-F1CCC3","billingEnabled":true}
[info] i  dataconnect: ensuring required API firebasedataconnect.googleapis.com is enabled... 
[info] i  dataconnect: ensuring required API sqladmin.googleapis.com is enabled... 
[debug] [2025-10-25T04:58:48.587Z] Checked if tokens are valid: true, expires at: 1761370935902
[debug] [2025-10-25T04:58:48.587Z] Checked if tokens are valid: true, expires at: 1761370935902
[debug] [2025-10-25T04:58:48.587Z] >>> [apiv2][query] GET https://firebasedataconnect.googleapis.com/v1/projects/quero-plantao-793ef/locations/-/services [none]
[debug] [2025-10-25T04:58:49.927Z] <<< [apiv2][status] GET https://firebasedataconnect.googleapis.com/v1/projects/quero-plantao-793ef/locations/-/services 200
[debug] [2025-10-25T04:58:49.927Z] <<< [apiv2][body] GET https://firebasedataconnect.googleapis.com/v1/projects/quero-plantao-793ef/locations/-/services {}
